<?xml version="1.0" encoding="UTF-8"?>
<!-- Generated by org.testng.reporters.JUnitReportReporter -->
<testsuite hostname="dinm5CG042B3D9" failures="0" tests="1" name="Selenium._08_ClickOnAnimatedButton" time="10.355" errors="0" timestamp="2024-03-01T12:35:09 IST" skipped="0">
  <testcase classname="Selenium._08_ClickOnAnimatedButton" name="_2_clickOnAnimatedBtnUsinnExplicitWait" time="10.355"/>
</testsuite> <!-- Selenium._08_ClickOnAnimatedButton -->
