<?xml version="1.0" encoding="UTF-8"?>
<!-- Generated by org.testng.reporters.JUnitReportReporter -->
<testsuite hostname="dinm5CG042B3D9" failures="0" tests="1" name="Selenium._05_BrowserAuthPopup" time="7.584" errors="0" timestamp="2024-03-01T09:16:30 IST" skipped="0">
  <testcase classname="Selenium._05_BrowserAuthPopup" name="_2_usingHasAuthInterface" time="7.584"/>
</testsuite> <!-- Selenium._05_BrowserAuthPopup -->
