<?xml version="1.0" encoding="UTF-8"?>
<!-- Generated by org.testng.reporters.JUnitReportReporter -->
<testsuite hostname="dinm5CG042B3D9" failures="0" tests="1" name="Selenium._06_HandleDisableTextbox" time="8.914" errors="0" timestamp="2024-03-01T11:23:05 IST" skipped="0">
  <testcase classname="Selenium._06_HandleDisableTextbox" name="_01_ByJSBasic" time="8.914"/>
</testsuite> <!-- Selenium._06_HandleDisableTextbox -->
