<?xml version="1.0" encoding="UTF-8"?>
<!-- Generated by org.testng.reporters.JUnitReportReporter -->
<testsuite hostname="dinm5CG042B3D9" failures="0" tests="1" name="Selenium._02_CarouselHandlingInSections" time="176.555" errors="0" timestamp="2024-02-24T09:22:29 IST" skipped="0">
  <testcase classname="Selenium._02_CarouselHandlingInSections" name="method1_Try" time="176.555"/>
</testsuite> <!-- Selenium._02_CarouselHandlingInSections -->
