<?xml version="1.0" encoding="UTF-8"?>
<!-- Generated by org.testng.reporters.JUnitReportReporter -->
<testsuite hostname="dinm5CG042B3D9" failures="0" tests="1" name="Selenium._04_CheckingBrokenLinksInParallel" time="17.191" errors="0" timestamp="2024-02-29T19:22:05 IST" skipped="0">
  <testcase classname="Selenium._04_CheckingBrokenLinksInParallel" name="checkLinks" time="17.191"/>
</testsuite> <!-- Selenium._04_CheckingBrokenLinksInParallel -->
