<?xml version="1.0" encoding="UTF-8"?>
<!-- Generated by org.testng.reporters.JUnitReportReporter -->
<testsuite hostname="dinm5CG042B3D9" failures="0" tests="1" name="Selenium._07_PseudoElements" time="5.965" errors="0" timestamp="2024-03-01T11:56:39 IST" skipped="0">
  <testcase classname="Selenium._07_PseudoElements" name="_1_usingQuerySelector" time="5.965"/>
</testsuite> <!-- Selenium._07_PseudoElements -->
