<?xml version="1.0" encoding="UTF-8"?>
<!-- Generated by org.testng.reporters.JUnitReportReporter -->
<testsuite hostname="dinm5CG042B3D9" failures="0" tests="1" name="Selenium._01_PrintingPopulationOnConsole" time="26.277" errors="0" timestamp="2024-02-22T22:59:57 IST" skipped="0">
  <testcase classname="Selenium._01_PrintingPopulationOnConsole" name="method3_XpathShortcut" time="26.277"/>
</testsuite> <!-- Selenium._01_PrintingPopulationOnConsole -->
